G:\无人艇\网络编程\VISUAL STUDIO\2017.11.10\CLIENT\CLIENT\RELEASE\CLIENT.EXE.INTERMEDIATE.MANIFEST
G:\无人艇\网络编程\VISUAL STUDIO\2017.11.10\CLIENT\CLIENT\RELEASE\CLIENT.OBJ
G:\无人艇\网络编程\VISUAL STUDIO\2017.11.10\CLIENT\CLIENT\RELEASE\CLIENT.PCH
G:\无人艇\网络编程\VISUAL STUDIO\2017.11.10\CLIENT\CLIENT\RELEASE\STDAFX.OBJ
G:\无人艇\网络编程\VISUAL STUDIO\2017.11.10\CLIENT\CLIENT\RELEASE\TEST.OBJ
G:\无人艇\网络编程\VISUAL STUDIO\2017.11.10\CLIENT\CLIENT\RELEASE\VC100.PDB
G:\无人艇\网络编程\VISUAL STUDIO\2017.11.10\CLIENT\RELEASE\CLIENT.EXE
G:\无人艇\网络编程\VISUAL STUDIO\2017.11.10\CLIENT\RELEASE\CLIENT.PDB
G:\无人艇\网络编程\VISUAL STUDIO\2017.11.11\CLIENT\CLIENT\RELEASE\CLIENT.EXE.INTERMEDIATE.MANIFEST
G:\无人艇\网络编程\VISUAL STUDIO\2017.11.11\CLIENT\CLIENT\RELEASE\CLIENT.OBJ
G:\无人艇\网络编程\VISUAL STUDIO\2017.11.11\CLIENT\CLIENT\RELEASE\CLIENT.PCH
G:\无人艇\网络编程\VISUAL STUDIO\2017.11.11\CLIENT\CLIENT\RELEASE\STDAFX.OBJ
G:\无人艇\网络编程\VISUAL STUDIO\2017.11.11\CLIENT\CLIENT\RELEASE\TEST.OBJ
G:\无人艇\网络编程\VISUAL STUDIO\2017.11.11\CLIENT\CLIENT\RELEASE\VC100.PDB
G:\无人艇\网络编程\VISUAL STUDIO\2017.11.11\CLIENT\RELEASE\CLIENT.EXE
G:\无人艇\网络编程\VISUAL STUDIO\2017.11.11\CLIENT\RELEASE\CLIENT.PDB
G:\无人艇\网络编程\VISUAL STUDIO\2017.11.5\CLIENT\CLIENT\RELEASE\CLIENT.EXE.INTERMEDIATE.MANIFEST
G:\无人艇\网络编程\VISUAL STUDIO\2017.11.5\CLIENT\CLIENT\RELEASE\CLIENT.OBJ
G:\无人艇\网络编程\VISUAL STUDIO\2017.11.5\CLIENT\CLIENT\RELEASE\CLIENT.PCH
G:\无人艇\网络编程\VISUAL STUDIO\2017.11.5\CLIENT\CLIENT\RELEASE\STDAFX.OBJ
G:\无人艇\网络编程\VISUAL STUDIO\2017.11.5\CLIENT\CLIENT\RELEASE\VC100.PDB
G:\无人艇\网络编程\VISUAL STUDIO\2017.11.5\CLIENT\RELEASE\CLIENT.EXE
G:\无人艇\网络编程\VISUAL STUDIO\2017.11.5\CLIENT\RELEASE\CLIENT.PDB
G:\无人艇\网络编程\VISUAL STUDIO\2017.11.6\CLIENT\CLIENT\RELEASE\CLIENT.EXE.INTERMEDIATE.MANIFEST
G:\无人艇\网络编程\VISUAL STUDIO\2017.11.6\CLIENT\CLIENT\RELEASE\CLIENT.OBJ
G:\无人艇\网络编程\VISUAL STUDIO\2017.11.6\CLIENT\CLIENT\RELEASE\CLIENT.PCH
G:\无人艇\网络编程\VISUAL STUDIO\2017.11.6\CLIENT\CLIENT\RELEASE\STDAFX.OBJ
G:\无人艇\网络编程\VISUAL STUDIO\2017.11.6\CLIENT\CLIENT\RELEASE\TEST.OBJ
G:\无人艇\网络编程\VISUAL STUDIO\2017.11.6\CLIENT\CLIENT\RELEASE\VC100.PDB
G:\无人艇\网络编程\VISUAL STUDIO\2017.11.6\CLIENT\RELEASE\CLIENT.EXE
G:\无人艇\网络编程\VISUAL STUDIO\2017.11.6\CLIENT\RELEASE\CLIENT.PDB
G:\无人艇\网络编程\VISUAL STUDIO\2017.11.7\CLIENT\CLIENT\RELEASE\CLIENT.EXE.INTERMEDIATE.MANIFEST
G:\无人艇\网络编程\VISUAL STUDIO\2017.11.7\CLIENT\CLIENT\RELEASE\CLIENT.OBJ
G:\无人艇\网络编程\VISUAL STUDIO\2017.11.7\CLIENT\CLIENT\RELEASE\CLIENT.PCH
G:\无人艇\网络编程\VISUAL STUDIO\2017.11.7\CLIENT\CLIENT\RELEASE\STDAFX.OBJ
G:\无人艇\网络编程\VISUAL STUDIO\2017.11.7\CLIENT\CLIENT\RELEASE\TEST.OBJ
G:\无人艇\网络编程\VISUAL STUDIO\2017.11.7\CLIENT\CLIENT\RELEASE\VC100.PDB
G:\无人艇\网络编程\VISUAL STUDIO\2017.11.7\CLIENT\RELEASE\CLIENT.EXE
G:\无人艇\网络编程\VISUAL STUDIO\2017.11.7\CLIENT\RELEASE\CLIENT.PDB
G:\无人艇\网络编程\VISUAL STUDIO\2017.12.5\CLIENT\CLIENT\RELEASE\CLIENT.EXE.INTERMEDIATE.MANIFEST
G:\无人艇\网络编程\VISUAL STUDIO\2017.12.5\CLIENT\CLIENT\RELEASE\CLIENT.OBJ
G:\无人艇\网络编程\VISUAL STUDIO\2017.12.5\CLIENT\CLIENT\RELEASE\CLIENT.PCH
G:\无人艇\网络编程\VISUAL STUDIO\2017.12.5\CLIENT\CLIENT\RELEASE\STDAFX.OBJ
G:\无人艇\网络编程\VISUAL STUDIO\2017.12.5\CLIENT\CLIENT\RELEASE\TEST.OBJ
G:\无人艇\网络编程\VISUAL STUDIO\2017.12.5\CLIENT\CLIENT\RELEASE\VC100.PDB
G:\无人艇\网络编程\VISUAL STUDIO\2017.12.5\CLIENT\RELEASE\CLIENT.EXE
G:\无人艇\网络编程\VISUAL STUDIO\2017.12.5\CLIENT\RELEASE\CLIENT.PDB
G:\无人艇\网络编程\VISUAL STUDIO\2017.12.6\CLIENT\CLIENT\RELEASE\CLIENT.EXE.INTERMEDIATE.MANIFEST
G:\无人艇\网络编程\VISUAL STUDIO\2017.12.6\CLIENT\CLIENT\RELEASE\CLIENT.OBJ
G:\无人艇\网络编程\VISUAL STUDIO\2017.12.6\CLIENT\CLIENT\RELEASE\CLIENT.PCH
G:\无人艇\网络编程\VISUAL STUDIO\2017.12.6\CLIENT\CLIENT\RELEASE\STDAFX.OBJ
G:\无人艇\网络编程\VISUAL STUDIO\2017.12.6\CLIENT\CLIENT\RELEASE\TEST.OBJ
G:\无人艇\网络编程\VISUAL STUDIO\2017.12.6\CLIENT\CLIENT\RELEASE\VC100.PDB
G:\无人艇\网络编程\VISUAL STUDIO\2017.12.6\CLIENT\RELEASE\CLIENT.EXE
G:\无人艇\网络编程\VISUAL STUDIO\2017.12.6\CLIENT\RELEASE\CLIENT.PDB
G:\无人艇\网络编程\VISUAL STUDIO\2017.12.7\CLIENT\CLIENT\RELEASE\CLIENT.EXE.INTERMEDIATE.MANIFEST
G:\无人艇\网络编程\VISUAL STUDIO\2017.12.7\CLIENT\CLIENT\RELEASE\CLIENT.OBJ
G:\无人艇\网络编程\VISUAL STUDIO\2017.12.7\CLIENT\CLIENT\RELEASE\CLIENT.PCH
G:\无人艇\网络编程\VISUAL STUDIO\2017.12.7\CLIENT\CLIENT\RELEASE\STDAFX.OBJ
G:\无人艇\网络编程\VISUAL STUDIO\2017.12.7\CLIENT\CLIENT\RELEASE\TEST.OBJ
G:\无人艇\网络编程\VISUAL STUDIO\2017.12.7\CLIENT\CLIENT\RELEASE\VC100.PDB
G:\无人艇\网络编程\VISUAL STUDIO\2017.12.7\CLIENT\RELEASE\CLIENT.EXE
G:\无人艇\网络编程\VISUAL STUDIO\2017.12.7\CLIENT\RELEASE\CLIENT.PDB
G:\无人艇\网络编程\Visual Studio\2017.12.8\client\client\Release\cl.command.1.tlog
G:\无人艇\网络编程\Visual Studio\2017.12.8\client\client\Release\CL.read.1.tlog
G:\无人艇\网络编程\Visual Studio\2017.12.8\client\client\Release\CL.write.1.tlog
G:\无人艇\网络编程\Visual Studio\2017.12.8\client\client\Release\client.exe.intermediate.manifest
G:\无人艇\网络编程\VISUAL STUDIO\2017.12.8\CLIENT\CLIENT\RELEASE\CLIENT.OBJ
G:\无人艇\网络编程\VISUAL STUDIO\2017.12.8\CLIENT\CLIENT\RELEASE\CLIENT.PCH
G:\无人艇\网络编程\Visual Studio\2017.12.8\client\client\Release\client.vcxprojResolveAssemblyReference.cache
G:\无人艇\网络编程\Visual Studio\2017.12.8\client\client\Release\client.write.1.tlog
G:\无人艇\网络编程\Visual Studio\2017.12.8\client\client\Release\link.command.1.tlog
G:\无人艇\网络编程\Visual Studio\2017.12.8\client\client\Release\link.read.1.tlog
G:\无人艇\网络编程\Visual Studio\2017.12.8\client\client\Release\link.write.1.tlog
G:\无人艇\网络编程\Visual Studio\2017.12.8\client\client\Release\mt.command.1.tlog
G:\无人艇\网络编程\Visual Studio\2017.12.8\client\client\Release\mt.read.1.tlog
G:\无人艇\网络编程\Visual Studio\2017.12.8\client\client\Release\mt.write.1.tlog
G:\无人艇\网络编程\VISUAL STUDIO\2017.12.8\CLIENT\CLIENT\RELEASE\STDAFX.OBJ
G:\无人艇\网络编程\VISUAL STUDIO\2017.12.8\CLIENT\CLIENT\RELEASE\TEST.OBJ
G:\无人艇\网络编程\VISUAL STUDIO\2017.12.8\CLIENT\CLIENT\RELEASE\VC100.PDB
G:\无人艇\网络编程\VISUAL STUDIO\2017.12.8\CLIENT\RELEASE\CLIENT.EXE
G:\无人艇\网络编程\Visual Studio\2017.12.8\client\Release\client.pdb
