G:\无人艇\网络编程\VISUAL STUDIO\2017.11.5\CLIENT\CLIENT\DEBUG\CLIENT.EXE.EMBED.MANIFEST.RES
G:\无人艇\网络编程\VISUAL STUDIO\2017.11.5\CLIENT\CLIENT\DEBUG\CLIENT.EXE.INTERMEDIATE.MANIFEST
G:\无人艇\网络编程\VISUAL STUDIO\2017.11.5\CLIENT\CLIENT\DEBUG\CLIENT.OBJ
G:\无人艇\网络编程\VISUAL STUDIO\2017.11.5\CLIENT\CLIENT\DEBUG\CLIENT.PCH
G:\无人艇\网络编程\VISUAL STUDIO\2017.11.5\CLIENT\CLIENT\DEBUG\STDAFX.OBJ
G:\无人艇\网络编程\VISUAL STUDIO\2017.11.5\CLIENT\CLIENT\DEBUG\VC100.PDB
G:\无人艇\网络编程\VISUAL STUDIO\2017.11.5\CLIENT\DEBUG\CLIENT.EXE
G:\无人艇\网络编程\VISUAL STUDIO\2017.11.5\CLIENT\DEBUG\CLIENT.PDB
G:\无人艇\网络编程\Visual Studio\2017.12.6\client\client\Debug\cl.command.1.tlog
G:\无人艇\网络编程\Visual Studio\2017.12.6\client\client\Debug\CL.read.1.tlog
G:\无人艇\网络编程\Visual Studio\2017.12.6\client\client\Debug\CL.write.1.tlog
G:\无人艇\网络编程\Visual Studio\2017.12.6\client\client\Debug\client.exe.embed.manifest
G:\无人艇\网络编程\Visual Studio\2017.12.6\client\client\Debug\client.exe.embed.manifest.res
G:\无人艇\网络编程\VISUAL STUDIO\2017.12.6\CLIENT\CLIENT\DEBUG\CLIENT.EXE.INTERMEDIATE.MANIFEST
G:\无人艇\网络编程\VISUAL STUDIO\2017.12.6\CLIENT\CLIENT\DEBUG\CLIENT.OBJ
G:\无人艇\网络编程\VISUAL STUDIO\2017.12.6\CLIENT\CLIENT\DEBUG\CLIENT.PCH
G:\无人艇\网络编程\Visual Studio\2017.12.6\client\client\Debug\client.vcxprojResolveAssemblyReference.cache
G:\无人艇\网络编程\Visual Studio\2017.12.6\client\client\Debug\client.write.1.tlog
G:\无人艇\网络编程\Visual Studio\2017.12.6\client\client\Debug\client_manifest.rc
G:\无人艇\网络编程\Visual Studio\2017.12.6\client\client\Debug\link.command.1.tlog
G:\无人艇\网络编程\Visual Studio\2017.12.6\client\client\Debug\link.read.1.tlog
G:\无人艇\网络编程\Visual Studio\2017.12.6\client\client\Debug\link.write.1.tlog
G:\无人艇\网络编程\Visual Studio\2017.12.6\client\client\Debug\mt.command.1.tlog
G:\无人艇\网络编程\Visual Studio\2017.12.6\client\client\Debug\mt.read.1.tlog
G:\无人艇\网络编程\Visual Studio\2017.12.6\client\client\Debug\mt.write.1.tlog
G:\无人艇\网络编程\Visual Studio\2017.12.6\client\client\Debug\rc.command.1.tlog
G:\无人艇\网络编程\Visual Studio\2017.12.6\client\client\Debug\rc.read.1.tlog
G:\无人艇\网络编程\Visual Studio\2017.12.6\client\client\Debug\rc.write.1.tlog
G:\无人艇\网络编程\VISUAL STUDIO\2017.12.6\CLIENT\CLIENT\DEBUG\STDAFX.OBJ
G:\无人艇\网络编程\VISUAL STUDIO\2017.12.6\CLIENT\CLIENT\DEBUG\TEST.OBJ
G:\无人艇\网络编程\Visual Studio\2017.12.6\client\client\Debug\vc100.idb
G:\无人艇\网络编程\VISUAL STUDIO\2017.12.6\CLIENT\CLIENT\DEBUG\VC100.PDB
G:\无人艇\网络编程\VISUAL STUDIO\2017.12.6\CLIENT\DEBUG\CLIENT.EXE
G:\无人艇\网络编程\VISUAL STUDIO\2017.12.6\CLIENT\DEBUG\CLIENT.PDB
